<?xml version="1.0" encoding="UTF-8"?>
<!-- Generated by org.testng.reporters.JUnitReportReporter -->
<testsuite hostname="Remyas-MacBook-Air.local" failures="0" tests="1" name="com.cjnet.CalculatorTest" time="6.743" errors="0" timestamp="2020-07-23T00:15:56 CDT" skipped="0">
  <testcase classname="com.cjnet.CalculatorTest" name="addition" time="6.743"/>
</testsuite> <!-- com.cjnet.CalculatorTest -->
